# JRE version: OpenJDK Runtime Environment (8.0_212-b04) (build 1.8.0_212-release-1586-b04)
# Java VM: OpenJDK 64-Bit Server VM (25.212-b04 mixed mode windows-amd64 compressed oops)
Heap:
 PSYoungGen      total 410624K, used 322071K [0x00000000e0000000, 0x00000000fcb80000, 0x0000000100000000)
  eden space 379392K, 76% used [0x00000000e0000000,0x00000000f1c06528,0x00000000f7280000)
  from space 31232K, 99% used [0x00000000f9c00000,0x00000000fba7f6e0,0x00000000fba80000)
  to   space 42496K, 0% used [0x00000000f7280000,0x00000000f7280000,0x00000000f9c00000)
 ParOldGen       total 111616K, used 51434K [0x00000000a0000000, 0x00000000a6d00000, 0x00000000e0000000)
  object space 111616K, 46% used [0x00000000a0000000,0x00000000a323a8b8,0x00000000a6d00000)
 Metaspace       used 87546K, capacity 91800K, committed 92032K, reserved 1128448K
  class space    used 11200K, capacity 12050K, committed 12160K, reserved 1048576K
GC Heap History (10 events):
Event: 305.212 GC heap before
{Heap before GC invocations=19 (full 3):
 PSYoungGen      total 236032K, used 14790K [0x00000000e0000000, 0x00000000f3d80000, 0x0000000100000000)
  eden space 215552K, 0% used [0x00000000e0000000,0x00000000e0000000,0x00000000ed280000)
  from space 20480K, 72% used [0x00000000ee700000,0x00000000ef5718a0,0x00000000efb00000)
  to   space 20992K, 0% used [0x00000000ed280000,0x00000000ed280000,0x00000000ee700000)
 ParOldGen       total 90112K, used 26080K [0x00000000a0000000, 0x00000000a5800000, 0x00000000e0000000)
  object space 90112K, 28% used [0x00000000a0000000,0x00000000a19781d0,0x00000000a5800000)
 Metaspace       used 57441K, capacity 58976K, committed 59160K, reserved 1101824K
  class space    used 7364K, capacity 7700K, committed 7808K, reserved 1048576K
Event: 305.427 GC heap after
Heap after GC invocations=19 (full 3):
 PSYoungGen      total 236032K, used 0K [0x00000000e0000000, 0x00000000f3d80000, 0x0000000100000000)
  eden space 215552K, 0% used [0x00000000e0000000,0x00000000e0000000,0x00000000ed280000)
  from space 20480K, 0% used [0x00000000ee700000,0x00000000ee700000,0x00000000efb00000)
  to   space 20992K, 0% used [0x00000000ed280000,0x00000000ed280000,0x00000000ee700000)
 ParOldGen       total 111616K, used 30237K [0x00000000a0000000, 0x00000000a6d00000, 0x00000000e0000000)
  object space 111616K, 27% used [0x00000000a0000000,0x00000000a1d87538,0x00000000a6d00000)
 Metaspace       used 57374K, capacity 58828K, committed 59160K, reserved 1101824K
  class space    used 7344K, capacity 7675K, committed 7808K, reserved 1048576K
}
Event: 676.526 GC heap before
{Heap before GC invocations=20 (full 3):
 PSYoungGen      total 236032K, used 215552K [0x00000000e0000000, 0x00000000f3d80000, 0x0000000100000000)
  eden space 215552K, 100% used [0x00000000e0000000,0x00000000ed280000,0x00000000ed280000)
  from space 20480K, 0% used [0x00000000ee700000,0x00000000ee700000,0x00000000efb00000)
  to   space 20992K, 0% used [0x00000000ed280000,0x00000000ed280000,0x00000000ee700000)
 ParOldGen       total 111616K, used 30237K [0x00000000a0000000, 0x00000000a6d00000, 0x00000000e0000000)
  object space 111616K, 27% used [0x00000000a0000000,0x00000000a1d87538,0x00000000a6d00000)
 Metaspace       used 68360K, capacity 70700K, committed 70912K, reserved 1110016K
  class space    used 9097K, capacity 9615K, committed 9728K, reserved 1048576K
Event: 676.550 GC heap after
Heap after GC invocations=20 (full 3):
 PSYoungGen      total 236544K, used 19162K [0x00000000e0000000, 0x00000000f4c80000, 0x0000000100000000)
  eden space 215552K, 0% used [0x00000000e0000000,0x00000000e0000000,0x00000000ed280000)
  from space 20992K, 91% used [0x00000000ed280000,0x00000000ee536810,0x00000000ee700000)
  to   space 23040K, 0% used [0x00000000f3600000,0x00000000f3600000,0x00000000f4c80000)
 ParOldGen       total 111616K, used 30245K [0x00000000a0000000, 0x00000000a6d00000, 0x00000000e0000000)
  object space 111616K, 27% used [0x00000000a0000000,0x00000000a1d89538,0x00000000a6d00000)
 Metaspace       used 68360K, capacity 70700K, committed 70912K, reserved 1110016K
  class space    used 9097K, capacity 9615K, committed 9728K, reserved 1048576K
}
Event: 688.624 GC heap before
{Heap before GC invocations=21 (full 3):
 PSYoungGen      total 236544K, used 234714K [0x00000000e0000000, 0x00000000f4c80000, 0x0000000100000000)
  eden space 215552K, 100% used [0x00000000e0000000,0x00000000ed280000,0x00000000ed280000)
  from space 20992K, 91% used [0x00000000ed280000,0x00000000ee536810,0x00000000ee700000)
  to   space 23040K, 0% used [0x00000000f3600000,0x00000000f3600000,0x00000000f4c80000)
 ParOldGen       total 111616K, used 30245K [0x00000000a0000000, 0x00000000a6d00000, 0x00000000e0000000)
  object space 111616K, 27% used [0x00000000a0000000,0x00000000a1d89538,0x00000000a6d00000)
 Metaspace       used 74644K, capacity 77410K, committed 77696K, reserved 1116160K
  class space    used 9919K, capacity 10556K, committed 10624K, reserved 1048576K
Event: 688.676 GC heap after
Heap after GC invocations=21 (full 3):
 PSYoungGen      total 314368K, used 23033K [0x00000000e0000000, 0x00000000f5000000, 0x0000000100000000)
  eden space 291328K, 0% used [0x00000000e0000000,0x00000000e0000000,0x00000000f1c80000)
  from space 23040K, 99% used [0x00000000f3600000,0x00000000f4c7e7c8,0x00000000f4c80000)
  to   space 26112K, 0% used [0x00000000f1c80000,0x00000000f1c80000,0x00000000f3600000)
 ParOldGen       total 111616K, used 30253K [0x00000000a0000000, 0x00000000a6d00000, 0x00000000e0000000)
  object space 111616K, 27% used [0x00000000a0000000,0x00000000a1d8b538,0x00000000a6d00000)
 Metaspace       used 74644K, capacity 77410K, committed 77696K, reserved 1116160K
  class space    used 9919K, capacity 10556K, committed 10624K, reserved 1048576K
}
Event: 764.591 GC heap before
{Heap before GC invocations=22 (full 3):
 PSYoungGen      total 314368K, used 314361K [0x00000000e0000000, 0x00000000f5000000, 0x0000000100000000)
  eden space 291328K, 100% used [0x00000000e0000000,0x00000000f1c80000,0x00000000f1c80000)
  from space 23040K, 99% used [0x00000000f3600000,0x00000000f4c7e7c8,0x00000000f4c80000)
  to   space 26112K, 0% used [0x00000000f1c80000,0x00000000f1c80000,0x00000000f3600000)
 ParOldGen       total 111616K, used 30253K [0x00000000a0000000, 0x00000000a6d00000, 0x00000000e0000000)
  object space 111616K, 27% used [0x00000000a0000000,0x00000000a1d8b538,0x00000000a6d00000)
 Metaspace       used 80192K, capacity 83512K, committed 83840K, reserved 1122304K
  class space    used 10592K, capacity 11299K, committed 11392K, reserved 1048576K
Event: 764.630 GC heap after
Heap after GC invocations=22 (full 3):
 PSYoungGen      total 317440K, used 26081K [0x00000000e0000000, 0x00000000fba80000, 0x0000000100000000)
  eden space 291328K, 0% used [0x00000000e0000000,0x00000000e0000000,0x00000000f1c80000)
  from space 26112K, 99% used [0x00000000f1c80000,0x00000000f35f8428,0x00000000f3600000)
  to   space 31232K, 0% used [0x00000000f9c00000,0x00000000f9c00000,0x00000000fba80000)
 ParOldGen       total 111616K, used 33918K [0x00000000a0000000, 0x00000000a6d00000, 0x00000000e0000000)
  object space 111616K, 30% used [0x00000000a0000000,0x00000000a211fb78,0x00000000a6d00000)
 Metaspace       used 80192K, capacity 83512K, committed 83840K, reserved 1122304K
  class space    used 10592K, capacity 11299K, committed 11392K, reserved 1048576K
}
Event: 950.887 GC heap before
{Heap before GC invocations=23 (full 3):
 PSYoungGen      total 317440K, used 317409K [0x00000000e0000000, 0x00000000fba80000, 0x0000000100000000)
  eden space 291328K, 100% used [0x00000000e0000000,0x00000000f1c80000,0x00000000f1c80000)
  from space 26112K, 99% used [0x00000000f1c80000,0x00000000f35f8428,0x00000000f3600000)
  to   space 31232K, 0% used [0x00000000f9c00000,0x00000000f9c00000,0x00000000fba80000)
 ParOldGen       total 111616K, used 33918K [0x00000000a0000000, 0x00000000a6d00000, 0x00000000e0000000)
  object space 111616K, 30% used [0x00000000a0000000,0x00000000a211fb78,0x00000000a6d00000)
 Metaspace       used 82661K, capacity 86396K, committed 86528K, reserved 1124352K
  class space    used 10879K, capacity 11650K, committed 11776K, reserved 1048576K
Event: 950.958 GC heap after
Heap after GC invocations=23 (full 3):
 PSYoungGen      total 410624K, used 31229K [0x00000000e0000000, 0x00000000fcb80000, 0x0000000100000000)
  eden space 379392K, 0% used [0x00000000e0000000,0x00000000e0000000,0x00000000f7280000)
  from space 31232K, 99% used [0x00000000f9c00000,0x00000000fba7f6e0,0x00000000fba80000)
  to   space 42496K, 0% used [0x00000000f7280000,0x00000000f7280000,0x00000000f9c00000)
 ParOldGen       total 111616K, used 51434K [0x00000000a0000000, 0x00000000a6d00000, 0x00000000e0000000)
  object space 111616K, 46% used [0x00000000a0000000,0x00000000a323a8b8,0x00000000a6d00000)
 Metaspace       used 82661K, capacity 86396K, committed 86528K, reserved 1124352K
  class space    used 10879K, capacity 11650K, committed 11776K, reserved 1048576K
}

